TN:
SF:server/store.ts
FN:61,db
FN:65,genId
FN:70,listUsers
FN:77,getUserById
FN:83,getUserByEmail
FN:91,upsertUser
FN:103,setUserPasswordHash
FN:111,escapeRegex
FN:116,listCompanies
FN:122,getCompanyById
FN:131,listJobs
FN:137,listJobsByRecruiter
FN:143,getJobById
FN:149,createJob
FN:164,listApplications
FN:170,listApplicationsByStudent
FN:178,listApplicationsByJob
FN:186,listApplicationsByRecruiter
FN:191,(anonymous_18)
FN:196,getApplicationById
FN:204,createApplication
FN:224,updateApplicationFields
FN:235,updateApplicationStage
FN:255,listBootcamps
FN:261,listBootcampsByInstructor
FN:270,getBootcampProgress
FN:281,(anonymous_26)
FN:285,upsertBootcampProgress
FN:297,(anonymous_28)
FN:305,getBootcampById
FN:313,getBootcampForSkill
FN:323,enrollStudentInBootcamp
FN:344,markSkillVerified
FN:356,listCampaigns
FN:362,listLiveCampaigns
FN:370,upsertCampaign
FN:382,listPlacements
FN:417,getGlobalMetrics
FN:429,(anonymous_38)
FN:433,(anonymous_39)
FN:438,(anonymous_40)
FN:463,getSkillGapHeatmap
FN:482,(anonymous_42)
FN:488,(anonymous_43)
FN:495,createSponsorship
FN:523,listSponsorshipsByStudent
FN:531,listSponsorshipsByRecruiter
FN:539,getSponsorshipById
FN:547,updateSponsorshipStatus
FN:588,searchCandidates
FN:598,(anonymous_50)
FN:629,(anonymous_51)
FN:630,(anonymous_52)
FN:640,(anonymous_53)
FN:649,(anonymous_54)
FN:651,(anonymous_55)
FN:668,(anonymous_56)
FN:676,getInMailCredits
FN:682,adjustInMailCredits
FN:695,isInMailOnCooldown
FN:710,createInMail
FN:742,getInMailById
FN:748,listInMailsByRecruiter
FN:756,listInMailsByStudent
FN:764,updateInMailStatus
FN:793,notify
FN:814,listNotifications
FN:828,countUnreadNotifications
FN:836,markNotificationRead
FN:853,markAllNotificationsRead
FN:878,runSlaSweep
FN:1005,maybeRunSlaSweep
FN:1018,getOrCreateApplicationThread
FN:1058,getOrCreateInMailThread
FN:1099,getMessageThreadById
FN:1107,listMessageThreadsForUser
FN:1119,listMessagesInThread
FN:1132,sendMessage
FN:1176,markThreadRead
FN:1198,updateStudentProfile
FN:1217,softDeleteUser
FN:1253,computeCompanyMetrics
FN:1260,(anonymous_82)
FN:1264,(anonymous_83)
FN:1268,(anonymous_84)
FN:1271,(anonymous_85)
FN:1272,(anonymous_86)
FN:1279,(anonymous_87)
FN:1284,(anonymous_88)
FN:1313,saveJob
FN:1331,unsaveJob
FN:1339,listSavedJobs
FN:1347,isJobSaved
FN:1356,markNotInterested
FN:1382,unmarkNotInterested
FN:1390,listNotInterestedJobIds
FN:1397,(anonymous_96)
FN:1413,computeInstructorMetrics
FN:1453,createBootcamp
FN:1485,updateBootcamp
FN:1504,setBootcampStatus
FN:1520,suspendUser
FN:1545,banUser
FN:1568,restoreUser
FN:1586,effectiveUserStatus
FN:1611,writeAuditLog
FN:1645,listAuditLogs
FN:1667,createModerationFlag
FN:1694,listModerationFlags
FN:1708,decideModerationFlag
FN:1746,detectTelemetryAlerts
FN:1764,(anonymous_111)
FN:1781,(anonymous_112)
FN:1806,createSavedSearch
FN:1826,listSavedSearches
FN:1836,updateSavedSearchFrequency
FN:1848,deleteSavedSearch
FN:1856,createJobTemplate
FN:1894,listJobTemplatesForRecruiter
FN:1914,deleteJobTemplate
FN:1924,listCompanyRecruiters
FN:1935,setCompanyAdmin
FN:1943,removeRecruiterFromCompany
FN:1956,listCoachConversations
FN:1966,getCoachConversation
FN:1978,createCoachConversation
FN:1998,appendCoachMessage
FN:2020,deleteCoachConversation
FN:2028,setCoachPersona
FN:2036,setCoachMemory
FN:2055,rollupCoachMemory
FN:2060,(anonymous_131)
FN:2062,(anonymous_132)
FN:2087,genRoomCode
FN:2092,createLiveSession
FN:2120,getLiveSessionById
FN:2128,getLiveSessionByCode
FN:2136,listLiveSessionsByInstructor
FN:2146,listLiveSessionsByBootcamp
FN:2160,listUpcomingLiveForStudent
FN:2166,(anonymous_140)
FN:2183,(anonymous_141)
FN:2189,registerForLiveSession
FN:2200,unregisterFromLiveSession
FN:2211,recordLiveAttendance
FN:2222,setLiveSessionStatus
FN:2238,deleteLiveSession
FN:2248,setCompanyVerified
FN:2256,setCompanyStatus
FN:2273,listAllCompaniesWithStats
FN:2294,(anonymous_150)
FN:2301,(anonymous_151)
FN:2311,listAllJobsWithCompany
FN:2328,(anonymous_153)
FN:2335,setJobActive
FN:2345,computeFinancialRollup
FN:2407,(anonymous_156)
FN:2417,listSupportTickets
FN:2427,getSupportTicketById
FN:2435,createSupportTicket
FN:2450,updateSupportTicket
FN:2465,listEmailTemplates
FN:2471,getEmailTemplateByKey
FN:2479,updateEmailTemplate
FNF:164
FNH:8
FNDA:11,db
FNDA:4,genId
FNDA:0,listUsers
FNDA:0,getUserById
FNDA:0,getUserByEmail
FNDA:0,upsertUser
FNDA:0,setUserPasswordHash
FNDA:0,escapeRegex
FNDA:0,listCompanies
FNDA:0,getCompanyById
FNDA:0,listJobs
FNDA:0,listJobsByRecruiter
FNDA:0,getJobById
FNDA:0,createJob
FNDA:0,listApplications
FNDA:0,listApplicationsByStudent
FNDA:0,listApplicationsByJob
FNDA:0,listApplicationsByRecruiter
FNDA:0,(anonymous_18)
FNDA:0,getApplicationById
FNDA:0,createApplication
FNDA:0,updateApplicationFields
FNDA:0,updateApplicationStage
FNDA:0,listBootcamps
FNDA:0,listBootcampsByInstructor
FNDA:0,getBootcampProgress
FNDA:0,(anonymous_26)
FNDA:0,upsertBootcampProgress
FNDA:0,(anonymous_28)
FNDA:0,getBootcampById
FNDA:0,getBootcampForSkill
FNDA:0,enrollStudentInBootcamp
FNDA:0,markSkillVerified
FNDA:0,listCampaigns
FNDA:0,listLiveCampaigns
FNDA:0,upsertCampaign
FNDA:0,listPlacements
FNDA:0,getGlobalMetrics
FNDA:0,(anonymous_38)
FNDA:0,(anonymous_39)
FNDA:0,(anonymous_40)
FNDA:0,getSkillGapHeatmap
FNDA:0,(anonymous_42)
FNDA:0,(anonymous_43)
FNDA:0,createSponsorship
FNDA:0,listSponsorshipsByStudent
FNDA:0,listSponsorshipsByRecruiter
FNDA:0,getSponsorshipById
FNDA:0,updateSponsorshipStatus
FNDA:0,searchCandidates
FNDA:0,(anonymous_50)
FNDA:0,(anonymous_51)
FNDA:0,(anonymous_52)
FNDA:0,(anonymous_53)
FNDA:0,(anonymous_54)
FNDA:0,(anonymous_55)
FNDA:0,(anonymous_56)
FNDA:0,getInMailCredits
FNDA:0,adjustInMailCredits
FNDA:0,isInMailOnCooldown
FNDA:0,createInMail
FNDA:0,getInMailById
FNDA:0,listInMailsByRecruiter
FNDA:0,listInMailsByStudent
FNDA:0,updateInMailStatus
FNDA:0,notify
FNDA:0,listNotifications
FNDA:0,countUnreadNotifications
FNDA:0,markNotificationRead
FNDA:0,markAllNotificationsRead
FNDA:0,runSlaSweep
FNDA:0,maybeRunSlaSweep
FNDA:0,getOrCreateApplicationThread
FNDA:0,getOrCreateInMailThread
FNDA:0,getMessageThreadById
FNDA:0,listMessageThreadsForUser
FNDA:0,listMessagesInThread
FNDA:0,sendMessage
FNDA:0,markThreadRead
FNDA:0,updateStudentProfile
FNDA:0,softDeleteUser
FNDA:0,computeCompanyMetrics
FNDA:0,(anonymous_82)
FNDA:0,(anonymous_83)
FNDA:0,(anonymous_84)
FNDA:0,(anonymous_85)
FNDA:0,(anonymous_86)
FNDA:0,(anonymous_87)
FNDA:0,(anonymous_88)
FNDA:0,saveJob
FNDA:0,unsaveJob
FNDA:0,listSavedJobs
FNDA:0,isJobSaved
FNDA:0,markNotInterested
FNDA:0,unmarkNotInterested
FNDA:0,listNotInterestedJobIds
FNDA:0,(anonymous_96)
FNDA:0,computeInstructorMetrics
FNDA:0,createBootcamp
FNDA:0,updateBootcamp
FNDA:0,setBootcampStatus
FNDA:0,suspendUser
FNDA:0,banUser
FNDA:0,restoreUser
FNDA:0,effectiveUserStatus
FNDA:0,writeAuditLog
FNDA:0,listAuditLogs
FNDA:0,createModerationFlag
FNDA:0,listModerationFlags
FNDA:0,decideModerationFlag
FNDA:0,detectTelemetryAlerts
FNDA:0,(anonymous_111)
FNDA:0,(anonymous_112)
FNDA:0,createSavedSearch
FNDA:0,listSavedSearches
FNDA:0,updateSavedSearchFrequency
FNDA:0,deleteSavedSearch
FNDA:0,createJobTemplate
FNDA:0,listJobTemplatesForRecruiter
FNDA:0,deleteJobTemplate
FNDA:0,listCompanyRecruiters
FNDA:0,setCompanyAdmin
FNDA:0,removeRecruiterFromCompany
FNDA:0,listCoachConversations
FNDA:0,getCoachConversation
FNDA:0,createCoachConversation
FNDA:0,appendCoachMessage
FNDA:0,deleteCoachConversation
FNDA:0,setCoachPersona
FNDA:0,setCoachMemory
FNDA:0,rollupCoachMemory
FNDA:0,(anonymous_131)
FNDA:0,(anonymous_132)
FNDA:0,genRoomCode
FNDA:0,createLiveSession
FNDA:0,getLiveSessionById
FNDA:0,getLiveSessionByCode
FNDA:0,listLiveSessionsByInstructor
FNDA:0,listLiveSessionsByBootcamp
FNDA:0,listUpcomingLiveForStudent
FNDA:0,(anonymous_140)
FNDA:0,(anonymous_141)
FNDA:0,registerForLiveSession
FNDA:0,unregisterFromLiveSession
FNDA:0,recordLiveAttendance
FNDA:0,setLiveSessionStatus
FNDA:0,deleteLiveSession
FNDA:0,setCompanyVerified
FNDA:0,setCompanyStatus
FNDA:0,listAllCompaniesWithStats
FNDA:0,(anonymous_150)
FNDA:0,(anonymous_151)
FNDA:0,listAllJobsWithCompany
FNDA:0,(anonymous_153)
FNDA:0,setJobActive
FNDA:0,computeFinancialRollup
FNDA:0,(anonymous_156)
FNDA:1,listSupportTickets
FNDA:2,getSupportTicketById
FNDA:4,createSupportTicket
FNDA:1,updateSupportTicket
FNDA:2,listEmailTemplates
FNDA:0,getEmailTemplateByKey
FNDA:1,updateEmailTemplate
DA:62,11
DA:66,4
DA:71,0
DA:72,0
DA:73,0
DA:74,0
DA:78,0
DA:79,0
DA:80,0
DA:84,0
DA:85,0
DA:88,0
DA:92,0
DA:93,0
DA:94,0
DA:95,0
DA:107,0
DA:108,0
DA:112,0
DA:117,0
DA:118,0
DA:119,0
DA:125,0
DA:126,0
DA:127,0
DA:132,0
DA:133,0
DA:134,0
DA:138,0
DA:139,0
DA:140,0
DA:144,0
DA:145,0
DA:146,0
DA:152,0
DA:153,0
DA:159,0
DA:160,0
DA:165,0
DA:166,0
DA:167,0
DA:173,0
DA:174,0
DA:175,0
DA:181,0
DA:182,0
DA:183,0
DA:189,0
DA:190,0
DA:191,0
DA:192,0
DA:193,0
DA:199,0
DA:200,0
DA:201,0
DA:207,0
DA:208,0
DA:209,0
DA:210,0
DA:211,0
DA:212,0
DA:219,0
DA:220,0
DA:228,0
DA:229,0
DA:230,0
DA:231,0
DA:232,0
DA:240,0
DA:241,0
DA:242,0
DA:243,0
DA:244,0
DA:245,0
DA:246,0
DA:247,0
DA:248,0
DA:250,0
DA:251,0
DA:256,0
DA:257,0
DA:258,0
DA:264,0
DA:265,0
DA:266,0
DA:274,0
DA:275,0
DA:277,0
DA:278,0
DA:280,0
DA:281,0
DA:289,0
DA:291,0
DA:292,0
DA:293,0
DA:295,0
DA:296,0
DA:297,0
DA:300,0
DA:308,0
DA:309,0
DA:310,0
DA:316,0
DA:317,0
DA:320,0
DA:327,0
DA:328,0
DA:329,0
DA:330,0
DA:332,0
DA:336,0
DA:341,0
DA:348,0
DA:349,0
DA:357,0
DA:358,0
DA:359,0
DA:365,0
DA:366,0
DA:367,0
DA:371,0
DA:372,0
DA:373,0
DA:378,0
DA:383,0
DA:384,0
DA:385,0
DA:386,0
DA:387,0
DA:388,0
DA:389,0
DA:390,0
DA:391,0
DA:403,0
DA:418,0
DA:420,0
DA:429,0
DA:430,0
DA:433,0
DA:434,0
DA:437,0
DA:438,0
DA:440,0
DA:443,0
DA:444,0
DA:464,0
DA:465,0
DA:468,0
DA:469,0
DA:470,0
DA:471,0
DA:472,0
DA:473,0
DA:474,0
DA:475,0
DA:476,0
DA:477,0
DA:478,0
DA:481,0
DA:482,0
DA:488,0
DA:493,1
DA:503,0
DA:504,0
DA:505,0
DA:506,0
DA:519,0
DA:520,0
DA:526,0
DA:527,0
DA:528,0
DA:534,0
DA:535,0
DA:536,0
DA:542,0
DA:543,0
DA:544,0
DA:551,0
DA:552,0
DA:553,0
DA:554,0
DA:555,0
DA:556,0
DA:557,0
DA:558,0
DA:559,0
DA:560,0
DA:591,0
DA:592,0
DA:593,0
DA:595,0
DA:598,0
DA:600,0
DA:601,0
DA:602,0
DA:604,0
DA:607,0
DA:611,0
DA:612,0
DA:613,0
DA:614,0
DA:615,0
DA:616,0
DA:620,0
DA:621,0
DA:622,0
DA:623,0
DA:627,0
DA:628,0
DA:629,0
DA:630,0
DA:631,0
DA:633,0
DA:637,0
DA:640,0
DA:645,0
DA:646,0
DA:647,0
DA:648,0
DA:649,0
DA:650,0
DA:651,0
DA:652,0
DA:654,0
DA:657,0
DA:658,0
DA:659,0
DA:661,0
DA:668,0
DA:673,1
DA:674,1
DA:677,0
DA:678,0
DA:679,0
DA:686,0
DA:687,0
DA:688,0
DA:689,0
DA:690,0
DA:691,0
DA:699,0
DA:700,0
DA:701,0
DA:707,0
DA:720,0
DA:721,0
DA:722,0
DA:723,0
DA:724,0
DA:738,0
DA:739,0
DA:743,0
DA:744,0
DA:745,0
DA:751,0
DA:752,0
DA:753,0
DA:759,0
DA:760,0
DA:761,0
DA:768,0
DA:769,0
DA:770,0
DA:771,0
DA:772,0
DA:773,0
DA:794,0
DA:795,0
DA:796,0
DA:808,0
DA:810,0
DA:818,0
DA:819,0
DA:820,0
DA:821,0
DA:825,0
DA:829,0
DA:830,0
DA:840,0
DA:841,0
DA:842,0
DA:843,0
DA:847,0
DA:854,0
DA:855,0
DA:859,0
DA:879,0
DA:880,0
DA:881,0
DA:887,0
DA:890,0
DA:892,0
DA:893,0
DA:894,0
DA:896,0
DA:897,0
DA:898,0
DA:901,0
DA:904,0
DA:905,0
DA:920,0
DA:921,0
DA:924,0
DA:926,0
DA:939,0
DA:940,0
DA:949,0
DA:950,0
DA:954,0
DA:958,0
DA:959,0
DA:960,0
DA:961,0
DA:970,0
DA:975,0
DA:979,0
DA:980,0
DA:981,0
DA:982,0
DA:990,0
DA:995,0
DA:1002,1
DA:1003,1
DA:1006,0
DA:1007,0
DA:1008,0
DA:1021,0
DA:1022,0
DA:1023,0
DA:1024,0
DA:1025,0
DA:1026,0
DA:1030,0
DA:1033,0
DA:1035,0
DA:1036,0
DA:1037,0
DA:1054,0
DA:1055,0
DA:1061,0
DA:1062,0
DA:1063,0
DA:1065,0
DA:1068,0
DA:1070,0
DA:1071,0
DA:1072,0
DA:1085,0
DA:1087,0
DA:1096,0
DA:1102,0
DA:1103,0
DA:1104,0
DA:1110,0
DA:1111,0
DA:1116,0
DA:1123,0
DA:1124,0
DA:1128,0
DA:1138,0
DA:1139,0
DA:1140,0
DA:1141,0
DA:1145,0
DA:1147,0
DA:1148,0
DA:1157,0
DA:1159,0
DA:1160,0
DA:1161,0
DA:1162,0
DA:1172,0
DA:1180,0
DA:1181,0
DA:1182,0
DA:1183,0
DA:1187,0
DA:1188,0
DA:1189,0
DA:1190,0
DA:1191,0
DA:1202,0
DA:1203,0
DA:1204,0
DA:1207,0
DA:1208,0
DA:1209,0
DA:1211,0
DA:1212,0
DA:1213,0
DA:1218,0
DA:1219,0
DA:1250,1
DA:1251,1
DA:1256,0
DA:1257,0
DA:1259,0
DA:1260,0
DA:1261,0
DA:1264,0
DA:1265,0
DA:1268,0
DA:1269,0
DA:1271,0
DA:1272,0
DA:1274,0
DA:1279,0
DA:1280,0
DA:1282,0
DA:1283,0
DA:1284,0
DA:1285,0
DA:1287,0
DA:1288,0
DA:1291,0
DA:1293,0
DA:1298,0
DA:1309,1
DA:1317,0
DA:1318,0
DA:1319,0
DA:1320,0
DA:1321,0
DA:1327,0
DA:1328,0
DA:1335,0
DA:1336,0
DA:1340,0
DA:1341,0
DA:1344,0
DA:1351,0
DA:1352,0
DA:1353,0
DA:1361,0
DA:1363,0
DA:1377,0
DA:1378,0
DA:1379,0
DA:1386,0
DA:1387,0
DA:1393,0
DA:1394,0
DA:1397,0
DA:1398,0
DA:1416,0
DA:1417,0
DA:1418,0
DA:1419,0
DA:1420,0
DA:1421,0
DA:1422,0
DA:1423,0
DA:1424,0
DA:1426,0
DA:1427,0
DA:1428,0
DA:1429,0
DA:1430,0
DA:1432,0
DA:1433,0
DA:1434,0
DA:1438,0
DA:1462,0
DA:1463,0
DA:1464,0
DA:1480,0
DA:1481,0
DA:1490,0
DA:1491,0
DA:1492,0
DA:1493,0
DA:1495,0
DA:1496,0
DA:1497,0
DA:1498,0
DA:1499,0
DA:1500,0
DA:1509,0
DA:1510,0
DA:1511,0
DA:1512,0
DA:1513,0
DA:1526,0
DA:1527,0
DA:1528,0
DA:1529,0
DA:1530,0
DA:1542,0
DA:1550,0
DA:1551,0
DA:1565,0
DA:1569,0
DA:1570,0
DA:1582,0
DA:1587,0
DA:1588,0
DA:1589,0
DA:1590,0
DA:1593,0
DA:1623,0
DA:1624,0
DA:1625,0
DA:1639,0
DA:1641,0
DA:1652,0
DA:1653,0
DA:1654,0
DA:1655,0
DA:1656,0
DA:1657,0
DA:1658,0
DA:1662,0
DA:1676,0
DA:1677,0
DA:1678,0
DA:1690,0
DA:1691,0
DA:1698,0
DA:1699,0
DA:1700,0
DA:1701,0
DA:1705,0
DA:1714,0
DA:1715,0
DA:1726,0
DA:1727,0
DA:1747,0
DA:1748,0
DA:1749,0
DA:1750,0
DA:1751,0
DA:1762,0
DA:1763,0
DA:1764,0
DA:1766,0
DA:1767,0
DA:1768,0
DA:1780,0
DA:1781,0
DA:1783,0
DA:1784,0
DA:1795,0
DA:1812,0
DA:1813,0
DA:1814,0
DA:1822,0
DA:1823,0
DA:1829,0
DA:1830,0
DA:1833,0
DA:1841,0
DA:1842,0
DA:1852,0
DA:1853,0
DA:1871,0
DA:1872,0
DA:1873,0
DA:1890,0
DA:1891,0
DA:1898,0
DA:1900,0
DA:1908,0
DA:1911,0
DA:1918,0
DA:1919,0
DA:1927,0
DA:1928,0
DA:1932,0
DA:1939,0
DA:1940,0
DA:1946,0
DA:1948,0
DA:1959,0
DA:1960,0
DA:1963,0
DA:1970,0
DA:1971,0
DA:1975,0
DA:1982,0
DA:1983,0
DA:1984,0
DA:1985,0
DA:1994,0
DA:1995,0
DA:2004,0
DA:2005,0
DA:2006,0
DA:2024,0
DA:2025,0
DA:2032,0
DA:2033,0
DA:2040,0
DA:2041,0
DA:2059,0
DA:2060,0
DA:2062,0
DA:2063,0
DA:2065,0
DA:2066,0
DA:2067,0
DA:2068,0
DA:2069,0
DA:2070,0
DA:2075,0
DA:2076,0
DA:2079,0
DA:2081,0
DA:2082,0
DA:2089,0
DA:2100,0
DA:2101,0
DA:2102,0
DA:2116,0
DA:2117,0
DA:2123,0
DA:2124,0
DA:2125,0
DA:2131,0
DA:2132,0
DA:2133,0
DA:2139,0
DA:2140,0
DA:2143,0
DA:2149,0
DA:2150,0
DA:2153,0
DA:2163,0
DA:2164,0
DA:2166,0
DA:2167,0
DA:2169,0
DA:2170,0
DA:2176,0
DA:2179,0
DA:2180,0
DA:2181,0
DA:2183,0
DA:2193,0
DA:2194,0
DA:2204,0
DA:2205,0
DA:2215,0
DA:2216,0
DA:2227,0
DA:2228,0
DA:2229,0
DA:2230,0
DA:2231,0
DA:2232,0
DA:2242,0
DA:2243,0
DA:2252,0
DA:2253,0
DA:2261,0
DA:2262,0
DA:2263,0
DA:2264,0
DA:2265,0
DA:2267,0
DA:2268,0
DA:2270,0
DA:2280,0
DA:2281,0
DA:2286,0
DA:2287,0
DA:2288,0
DA:2289,0
DA:2290,0
DA:2292,0
DA:2293,0
DA:2294,0
DA:2295,0
DA:2296,0
DA:2301,0
DA:2314,0
DA:2315,0
DA:2320,0
DA:2321,0
DA:2322,0
DA:2324,0
DA:2325,0
DA:2326,0
DA:2328,0
DA:2339,0
DA:2340,0
DA:2354,0
DA:2355,0
DA:2361,0
DA:2362,0
DA:2365,0
DA:2366,0
DA:2367,0
DA:2368,0
DA:2369,0
DA:2372,0
DA:2373,0
DA:2374,0
DA:2375,0
DA:2376,0
DA:2377,0
DA:2382,0
DA:2383,0
DA:2384,0
DA:2385,0
DA:2386,0
DA:2387,0
DA:2388,0
DA:2393,0
DA:2394,0
DA:2397,0
DA:2398,0
DA:2400,0
DA:2407,0
DA:2420,1
DA:2421,1
DA:2422,1
DA:2423,1
DA:2424,1
DA:2430,2
DA:2431,2
DA:2432,2
DA:2438,4
DA:2439,4
DA:2440,4
DA:2446,4
DA:2447,4
DA:2456,1
DA:2457,1
DA:2466,2
DA:2467,2
DA:2468,2
DA:2474,0
DA:2475,0
DA:2476,0
DA:2483,1
DA:2484,1
LF:736
LH:30
BRDA:72,0,0,0
BRDA:72,0,1,0
BRDA:209,1,0,0
BRDA:209,1,1,0
BRDA:230,2,0,0
BRDA:230,2,1,0
BRDA:242,3,0,0
BRDA:242,3,1,0
BRDA:244,4,0,0
BRDA:244,4,1,0
BRDA:245,5,0,0
BRDA:245,5,1,0
BRDA:245,6,0,0
BRDA:245,6,1,0
BRDA:278,7,0,0
BRDA:278,7,1,0
BRDA:280,8,0,0
BRDA:280,8,1,0
BRDA:293,9,0,0
BRDA:293,9,1,0
BRDA:295,10,0,0
BRDA:295,10,1,0
BRDA:330,11,0,0
BRDA:330,11,1,0
BRDA:330,12,0,0
BRDA:330,12,1,0
BRDA:389,13,0,0
BRDA:389,13,1,0
BRDA:393,14,0,0
BRDA:393,14,1,0
BRDA:395,15,0,0
BRDA:395,15,1,0
BRDA:396,16,0,0
BRDA:396,16,1,0
BRDA:397,17,0,0
BRDA:397,17,1,0
BRDA:399,18,0,0
BRDA:399,18,1,0
BRDA:400,19,0,0
BRDA:400,19,1,0
BRDA:430,20,0,0
BRDA:430,20,1,0
BRDA:434,21,0,0
BRDA:434,21,1,0
BRDA:434,22,0,0
BRDA:434,22,1,0
BRDA:440,23,0,0
BRDA:440,23,1,0
BRDA:443,24,0,0
BRDA:443,24,1,0
BRDA:470,25,0,0
BRDA:470,25,1,0
BRDA:472,26,0,0
BRDA:472,26,1,0
BRDA:475,27,0,0
BRDA:475,27,1,0
BRDA:477,28,0,0
BRDA:477,28,1,0
BRDA:486,29,0,0
BRDA:486,29,1,0
BRDA:553,30,0,0
BRDA:553,30,1,0
BRDA:556,31,0,0
BRDA:556,31,1,0
BRDA:557,32,0,0
BRDA:557,32,1,0
BRDA:558,33,0,0
BRDA:558,33,1,0
BRDA:595,34,0,0
BRDA:595,34,1,0
BRDA:602,35,0,0
BRDA:602,35,1,0
BRDA:604,36,0,0
BRDA:604,36,1,0
BRDA:607,37,0,0
BRDA:607,37,1,0
BRDA:608,38,0,0
BRDA:608,38,1,0
BRDA:612,39,0,0
BRDA:612,39,1,0
BRDA:612,40,0,0
BRDA:612,40,1,0
BRDA:614,41,0,0
BRDA:614,41,1,0
BRDA:614,42,0,0
BRDA:614,42,1,0
BRDA:616,43,0,0
BRDA:616,43,1,0
BRDA:617,44,0,0
BRDA:617,44,1,0
BRDA:618,45,0,0
BRDA:618,45,1,0
BRDA:621,46,0,0
BRDA:621,46,1,0
BRDA:621,47,0,0
BRDA:621,47,1,0
BRDA:621,48,0,0
BRDA:621,48,1,0
BRDA:623,49,0,0
BRDA:623,49,1,0
BRDA:624,50,0,0
BRDA:624,50,1,0
BRDA:625,51,0,0
BRDA:625,51,1,0
BRDA:628,52,0,0
BRDA:628,52,1,0
BRDA:628,53,0,0
BRDA:628,53,1,0
BRDA:633,54,0,0
BRDA:633,54,1,0
BRDA:639,55,0,0
BRDA:639,55,1,0
BRDA:640,56,0,0
BRDA:640,56,1,0
BRDA:648,57,0,0
BRDA:648,57,1,0
BRDA:649,58,0,0
BRDA:649,58,1,0
BRDA:654,59,0,0
BRDA:654,59,1,0
BRDA:654,60,0,0
BRDA:654,60,1,0
BRDA:657,61,0,0
BRDA:657,61,1,0
BRDA:658,62,0,0
BRDA:658,62,1,0
BRDA:658,63,0,0
BRDA:658,63,1,0
BRDA:659,64,0,0
BRDA:659,64,1,0
BRDA:679,65,0,0
BRDA:679,65,1,0
BRDA:688,66,0,0
BRDA:688,66,1,0
BRDA:689,67,0,0
BRDA:689,67,1,0
BRDA:770,68,0,0
BRDA:770,68,1,0
BRDA:800,69,0,0
BRDA:800,69,1,0
BRDA:816,70,0,0
BRDA:820,71,0,0
BRDA:820,71,1,0
BRDA:823,72,0,0
BRDA:823,72,1,0
BRDA:842,73,0,0
BRDA:842,73,1,0
BRDA:859,74,0,0
BRDA:859,74,1,0
BRDA:901,75,0,0
BRDA:901,75,1,0
BRDA:904,76,0,0
BRDA:904,76,1,0
BRDA:913,77,0,0
BRDA:913,77,1,0
BRDA:921,78,0,0
BRDA:921,78,1,0
BRDA:931,79,0,0
BRDA:931,79,1,0
BRDA:932,80,0,0
BRDA:932,80,1,0
BRDA:933,81,0,0
BRDA:933,81,1,0
BRDA:939,82,0,0
BRDA:939,82,1,0
BRDA:944,83,0,0
BRDA:944,83,1,0
BRDA:954,84,0,0
BRDA:954,84,1,0
BRDA:955,85,0,0
BRDA:955,85,1,0
BRDA:960,86,0,0
BRDA:960,86,1,0
BRDA:965,87,0,0
BRDA:965,87,1,0
BRDA:975,88,0,0
BRDA:975,88,1,0
BRDA:976,89,0,0
BRDA:976,89,1,0
BRDA:981,90,0,0
BRDA:981,90,1,0
BRDA:986,91,0,0
BRDA:986,91,1,0
BRDA:1006,92,0,0
BRDA:1006,92,1,0
BRDA:1023,93,0,0
BRDA:1023,93,1,0
BRDA:1025,94,0,0
BRDA:1025,94,1,0
BRDA:1026,95,0,0
BRDA:1026,95,1,0
BRDA:1033,96,0,0
BRDA:1033,96,1,0
BRDA:1046,97,0,0
BRDA:1046,97,1,0
BRDA:1063,98,0,0
BRDA:1063,98,1,0
BRDA:1068,99,0,0
BRDA:1068,99,1,0
BRDA:1121,100,0,0
BRDA:1140,101,0,0
BRDA:1140,101,1,0
BRDA:1141,102,0,0
BRDA:1141,102,1,0
BRDA:1142,103,0,0
BRDA:1142,103,1,0
BRDA:1160,104,0,0
BRDA:1160,104,1,0
BRDA:1182,105,0,0
BRDA:1182,105,1,0
BRDA:1188,106,0,0
BRDA:1188,106,1,0
BRDA:1189,107,0,0
BRDA:1189,107,1,0
BRDA:1190,108,0,0
BRDA:1190,108,1,0
BRDA:1204,109,0,0
BRDA:1204,109,1,0
BRDA:1204,110,0,0
BRDA:1204,110,1,0
BRDA:1274,111,0,0
BRDA:1274,111,1,0
BRDA:1280,112,0,0
BRDA:1280,112,1,0
BRDA:1287,113,0,0
BRDA:1287,113,1,0
BRDA:1291,114,0,0
BRDA:1291,114,1,0
BRDA:1319,115,0,0
BRDA:1319,115,1,0
BRDA:1428,116,0,0
BRDA:1428,116,1,0
BRDA:1432,117,0,0
BRDA:1432,117,1,0
BRDA:1434,118,0,0
BRDA:1434,118,1,0
BRDA:1441,119,0,0
BRDA:1441,119,1,0
BRDA:1469,120,0,0
BRDA:1469,120,1,0
BRDA:1470,121,0,0
BRDA:1470,121,1,0
BRDA:1471,122,0,0
BRDA:1471,122,1,0
BRDA:1492,123,0,0
BRDA:1492,123,1,0
BRDA:1492,124,0,0
BRDA:1492,124,1,0
BRDA:1511,125,0,0
BRDA:1511,125,1,0
BRDA:1512,126,0,0
BRDA:1512,126,1,0
BRDA:1528,127,0,0
BRDA:1528,127,1,0
BRDA:1587,128,0,0
BRDA:1587,128,1,0
BRDA:1588,129,0,0
BRDA:1588,129,1,0
BRDA:1588,130,0,0
BRDA:1588,130,1,0
BRDA:1589,131,0,0
BRDA:1589,131,1,0
BRDA:1645,132,0,0
BRDA:1654,133,0,0
BRDA:1654,133,1,0
BRDA:1655,134,0,0
BRDA:1655,134,1,0
BRDA:1656,135,0,0
BRDA:1656,135,1,0
BRDA:1657,136,0,0
BRDA:1657,136,1,0
BRDA:1660,137,0,0
BRDA:1660,137,1,0
BRDA:1694,138,0,0
BRDA:1700,139,0,0
BRDA:1700,139,1,0
BRDA:1703,140,0,0
BRDA:1703,140,1,0
BRDA:1750,141,0,0
BRDA:1750,141,1,0
BRDA:1750,142,0,0
BRDA:1750,142,1,0
BRDA:1750,142,2,0
BRDA:1754,143,0,0
BRDA:1754,143,1,0
BRDA:1766,144,0,0
BRDA:1766,144,1,0
BRDA:1767,145,0,0
BRDA:1767,145,1,0
BRDA:1767,146,0,0
BRDA:1767,146,1,0
BRDA:1771,147,0,0
BRDA:1771,147,1,0
BRDA:1780,148,0,0
BRDA:1780,148,1,0
BRDA:1783,149,0,0
BRDA:1783,149,1,0
BRDA:1783,150,0,0
BRDA:1783,150,1,0
BRDA:1877,151,0,0
BRDA:1877,151,1,0
BRDA:1900,152,0,0
BRDA:1900,152,1,0
BRDA:1984,153,0,0
BRDA:1984,153,1,0
BRDA:2012,154,0,0
BRDA:2012,154,1,0
BRDA:2063,155,0,0
BRDA:2063,155,1,0
BRDA:2070,156,0,0
BRDA:2070,156,1,0
BRDA:2071,157,0,0
BRDA:2071,157,1,0
BRDA:2071,157,2,0
BRDA:2076,158,0,0
BRDA:2076,158,1,0
BRDA:2079,159,0,0
BRDA:2079,159,1,0
BRDA:2081,160,0,0
BRDA:2081,160,1,0
BRDA:2166,161,0,0
BRDA:2166,161,1,0
BRDA:2169,162,0,0
BRDA:2169,162,1,0
BRDA:2181,163,0,0
BRDA:2181,163,1,0
BRDA:2185,164,0,0
BRDA:2185,164,1,0
BRDA:2230,165,0,0
BRDA:2230,165,1,0
BRDA:2231,166,0,0
BRDA:2231,166,1,0
BRDA:2263,167,0,0
BRDA:2263,167,1,0
BRDA:2264,168,0,0
BRDA:2264,168,1,0
BRDA:2289,169,0,0
BRDA:2289,169,1,0
BRDA:2290,170,0,0
BRDA:2290,170,1,0
BRDA:2295,171,0,0
BRDA:2295,171,1,0
BRDA:2298,172,0,0
BRDA:2298,172,1,0
BRDA:2303,173,0,0
BRDA:2303,173,1,0
BRDA:2305,174,0,0
BRDA:2305,174,1,0
BRDA:2326,175,0,0
BRDA:2326,175,1,0
BRDA:2330,176,0,0
BRDA:2330,176,1,0
BRDA:2331,177,0,0
BRDA:2331,177,1,0
BRDA:2375,178,0,0
BRDA:2375,178,1,0
BRDA:2375,179,0,0
BRDA:2375,179,1,0
BRDA:2386,180,0,0
BRDA:2386,180,1,0
BRDA:2422,181,0,1
BRDA:2422,181,1,0
BRF:362
BRH:1
end_of_record
TN:
SF:server/auth/index.ts
FN:51,(anonymous_0)
FN:64,(anonymous_1)
FN:125,(anonymous_2)
FN:133,(anonymous_3)
FN:143,rolePath
FNF:5
FNH:0
FNDA:0,(anonymous_0)
FNDA:0,(anonymous_1)
FNDA:0,(anonymous_2)
FNDA:0,(anonymous_3)
FNDA:0,rolePath
DA:14,0
DA:15,0
DA:19,0
DA:52,0
DA:53,0
DA:54,0
DA:56,0
DA:60,0
DA:61,0
DA:63,0
DA:64,0
DA:70,0
DA:71,0
DA:72,0
DA:74,0
DA:75,0
DA:79,0
DA:82,0
DA:89,0
DA:90,0
DA:95,0
DA:126,0
DA:127,0
DA:128,0
DA:129,0
DA:131,0
DA:134,0
DA:135,0
DA:136,0
DA:138,0
DA:144,0
DA:145,0
DA:146,0
DA:147,0
LF:34
LH:0
BRDA:15,0,0,0
BRDA:15,0,1,0
BRDA:20,1,0,0
BRDA:20,1,1,0
BRDA:35,2,0,0
BRDA:35,2,1,0
BRDA:39,3,0,0
BRDA:39,3,1,0
BRDA:52,4,0,0
BRDA:52,4,1,0
BRDA:52,5,0,0
BRDA:52,5,1,0
BRDA:54,6,0,0
BRDA:54,6,1,0
BRDA:60,7,0,0
BRDA:60,7,1,0
BRDA:61,8,0,0
BRDA:61,8,1,0
BRDA:70,9,0,0
BRDA:70,9,1,0
BRDA:71,10,0,0
BRDA:71,10,1,0
BRDA:74,11,0,0
BRDA:74,11,1,0
BRDA:75,12,0,0
BRDA:75,12,1,0
BRDA:76,13,0,0
BRDA:76,13,1,0
BRDA:84,14,0,0
BRDA:84,14,1,0
BRDA:89,15,0,0
BRDA:89,15,1,0
BRDA:104,16,0,0
BRDA:104,16,1,0
BRDA:104,17,0,0
BRDA:104,17,1,0
BRDA:112,18,0,0
BRDA:112,18,1,0
BRDA:112,19,0,0
BRDA:112,19,1,0
BRDA:126,20,0,0
BRDA:126,20,1,0
BRDA:134,21,0,0
BRDA:134,21,1,0
BRDA:144,22,0,0
BRDA:144,22,1,0
BRDA:145,23,0,0
BRDA:145,23,1,0
BRDA:146,24,0,0
BRDA:146,24,1,0
BRF:50
BRH:0
end_of_record
TN:
SF:server/auth/password.ts
FN:15,isBcryptHash
FN:20,hashPassword
FN:34,verifyPassword
FN:56,checkPasswordPolicy
FNF:4
FNH:4
FNDA:3,isBcryptHash
FNDA:5,hashPassword
FNDA:5,verifyPassword
FNDA:5,checkPasswordPolicy
DA:12,1
DA:16,3
DA:21,5
DA:22,1
DA:24,4
DA:38,5
DA:39,3
DA:40,2
DA:41,2
DA:44,1
DA:45,1
DA:47,0
DA:60,5
DA:61,4
DA:62,3
DA:63,2
DA:64,1
LF:17
LH:16
BRDA:16,0,0,3
BRDA:16,0,1,2
BRDA:21,1,0,1
BRDA:21,1,1,4
BRDA:21,2,0,5
BRDA:21,2,1,5
BRDA:38,3,0,2
BRDA:38,3,1,3
BRDA:38,4,0,5
BRDA:38,4,1,4
BRDA:39,5,0,2
BRDA:39,5,1,1
BRDA:44,6,0,1
BRDA:44,6,1,0
BRDA:60,7,0,1
BRDA:60,7,1,4
BRDA:61,8,0,1
BRDA:61,8,1,3
BRDA:62,9,0,1
BRDA:62,9,1,2
BRDA:63,10,0,1
BRDA:63,10,1,1
BRF:22
BRH:21
end_of_record
TN:
SF:server/auth/reset-token.ts
FN:18,tokenKey
FN:21,rateKey
FN:26,issueResetToken
FN:42,peekResetToken
FN:48,consumeResetToken
FNF:5
FNH:5
FNDA:18,tokenKey
FNDA:19,rateKey
FNDA:14,issueResetToken
FNDA:3,peekResetToken
FNDA:3,consumeResetToken
DA:14,1
DA:15,1
DA:16,1
DA:19,18
DA:22,19
DA:30,14
DA:31,14
DA:32,14
DA:33,14
DA:34,1
DA:36,13
DA:37,13
DA:38,13
DA:43,3
DA:44,2
DA:49,3
DA:50,2
DA:51,2
DA:52,2
DA:53,1
DA:54,1
LF:21
LH:21
BRDA:32,0,0,5
BRDA:32,0,1,9
BRDA:33,1,0,1
BRDA:33,1,1,13
BRDA:43,2,0,1
BRDA:43,2,1,2
BRDA:43,3,0,3
BRDA:43,3,1,2
BRDA:49,4,0,1
BRDA:49,4,1,2
BRDA:49,5,0,3
BRDA:49,5,1,2
BRDA:52,6,0,1
BRDA:52,6,1,1
BRF:14
BRH:14
end_of_record
TN:
SF:server/db/models.ts
FN:35,withJsonTransform
FN:39,(anonymous_1)
FN:659,unwrap
FN:672,unwrapAll
FN:675,(anonymous_4)
FNF:5
FNH:4
FNDA:21,withJsonTransform
FNDA:0,(anonymous_1)
FNDA:9,unwrap
FNDA:3,unwrapAll
FNDA:7,(anonymous_4)
DA:30,1
DA:36,21
DA:40,0
DA:41,0
DA:44,21
DA:48,1
DA:60,1
DA:75,1
DA:98,1
DA:135,1
DA:154,1
DA:177,1
DA:187,1
DA:197,1
DA:220,1
DA:231,1
DA:256,1
DA:275,1
DA:279,1
DA:283,1
DA:287,1
DA:291,1
DA:295,1
DA:299,1
DA:322,1
DA:326,1
DA:348,1
DA:352,1
DA:372,1
DA:376,1
DA:395,1
DA:411,1
DA:415,1
DA:419,1
DA:430,1
DA:432,1
DA:444,1
DA:447,1
DA:451,1
DA:458,1
DA:479,1
DA:501,1
DA:505,1
DA:509,1
DA:524,1
DA:548,1
DA:569,1
DA:576,1
DA:600,1
DA:604,1
DA:608,1
DA:612,1
DA:632,1
DA:636,1
DA:653,1
DA:662,9
DA:664,9
DA:667,9
DA:668,9
DA:669,9
DA:675,7
DA:679,1
LF:62
LH:60
BRDA:275,0,0,1
BRDA:275,0,1,1
BRDA:279,1,0,1
BRDA:279,1,1,1
BRDA:283,2,0,1
BRDA:283,2,1,1
BRDA:287,3,0,1
BRDA:287,3,1,1
BRDA:291,4,0,1
BRDA:291,4,1,1
BRDA:295,5,0,1
BRDA:295,5,1,1
BRDA:322,6,0,1
BRDA:322,6,1,1
BRDA:348,7,0,1
BRDA:348,7,1,1
BRDA:372,8,0,1
BRDA:372,8,1,1
BRDA:411,9,0,1
BRDA:411,9,1,1
BRDA:415,10,0,1
BRDA:415,10,1,1
BRDA:447,11,0,1
BRDA:447,11,1,1
BRDA:451,12,0,1
BRDA:451,12,1,1
BRDA:501,13,0,1
BRDA:501,13,1,1
BRDA:505,14,0,1
BRDA:505,14,1,1
BRDA:569,15,0,1
BRDA:569,15,1,1
BRDA:600,16,0,1
BRDA:600,16,1,1
BRDA:604,17,0,1
BRDA:604,17,1,1
BRDA:608,18,0,1
BRDA:608,18,1,1
BRDA:632,19,0,1
BRDA:632,19,1,1
BRDA:653,20,0,1
BRDA:653,20,1,1
BRDA:662,21,0,0
BRDA:662,21,1,9
BRDA:664,22,0,0
BRDA:664,22,1,9
BRDA:667,23,0,9
BRDA:667,23,1,0
BRDA:667,24,0,9
BRDA:667,24,1,9
BRF:50
BRH:47
end_of_record
TN:
SF:server/db/mongo.ts
FN:3,getMongoUri
FN:24,connectMongo
FNF:2
FNH:2
FNDA:1,getMongoUri
FNDA:11,connectMongo
DA:4,1
DA:21,1
DA:22,1
DA:25,11
DA:26,1
DA:27,1
DA:31,1
DA:32,1
LF:8
LH:8
BRDA:5,0,0,1
BRDA:5,0,1,0
BRDA:21,1,0,1
BRDA:21,1,1,1
BRDA:25,2,0,10
BRDA:25,2,1,1
BRDA:26,3,0,1
BRDA:26,3,1,0
BRF:8
BRH:6
end_of_record
TN:
SF:server/db/redis.ts
FN:32,redisMode
FN:40,upstash
FN:50,(anonymous_2)
FN:54,(anonymous_3)
FN:58,(anonymous_4)
FN:62,(anonymous_5)
FN:65,(anonymous_6)
FN:68,(anonymous_7)
FN:81,getMock
FN:92,(anonymous_9)
FN:97,(anonymous_10)
FN:100,(anonymous_11)
FN:105,(anonymous_12)
FN:111,(anonymous_13)
FN:117,(anonymous_14)
FN:126,__resetMockRedis
FN:130,redis
FNF:17
FNH:9
FNDA:34,redisMode
FNDA:0,upstash
FNDA:0,(anonymous_2)
FNDA:0,(anonymous_3)
FNDA:0,(anonymous_4)
FNDA:0,(anonymous_5)
FNDA:0,(anonymous_6)
FNDA:0,(anonymous_7)
FNDA:36,getMock
FNDA:17,(anonymous_9)
FNDA:18,(anonymous_10)
FNDA:6,(anonymous_11)
FNDA:18,(anonymous_12)
FNDA:7,(anonymous_13)
FNDA:0,(anonymous_14)
FNDA:27,__resetMockRedis
FNDA:34,redis
DA:33,34
DA:39,4
DA:41,0
DA:42,0
DA:46,0
DA:49,4
DA:51,0
DA:52,0
DA:55,0
DA:56,0
DA:59,0
DA:60,0
DA:63,0
DA:66,0
DA:69,0
DA:79,4
DA:82,36
DA:83,36
DA:84,22
DA:85,0
DA:86,0
DA:88,22
DA:91,4
DA:93,17
DA:94,17
DA:95,17
DA:98,18
DA:101,6
DA:102,7
DA:103,6
DA:106,18
DA:107,18
DA:108,18
DA:109,18
DA:112,7
DA:113,7
DA:114,7
DA:115,7
DA:118,0
DA:119,0
DA:120,0
DA:121,0
DA:127,27
DA:131,34
LF:44
LH:26
BRDA:33,0,0,0
BRDA:33,0,1,34
BRDA:33,1,0,34
BRDA:33,1,1,0
BRDA:41,2,0,0
BRDA:41,2,1,0
BRDA:51,3,0,0
BRDA:51,3,1,0
BRDA:56,4,0,0
BRDA:56,4,1,0
BRDA:56,5,0,0
BRDA:56,5,1,0
BRDA:59,6,0,0
BRDA:59,6,1,0
BRDA:83,7,0,14
BRDA:83,7,1,22
BRDA:84,8,0,0
BRDA:84,8,1,22
BRDA:84,9,0,22
BRDA:84,9,1,22
BRDA:93,10,0,17
BRDA:93,10,1,0
BRDA:98,11,0,18
BRDA:98,11,1,7
BRDA:102,12,0,2
BRDA:102,12,1,5
BRDA:107,13,0,18
BRDA:107,13,1,7
BRDA:108,14,0,18
BRDA:108,14,1,7
BRDA:113,15,0,0
BRDA:113,15,1,7
BRDA:119,16,0,0
BRDA:119,16,1,0
BRDA:120,17,0,0
BRDA:120,17,1,0
BRDA:131,18,0,0
BRDA:131,18,1,34
BRF:38
BRH:18
end_of_record
TN:
SF:server/integrations/status.ts
FN:35,listIntegrations
FN:138,isFullyLive
FN:139,(anonymous_2)
FN:143,mockCount
FN:144,(anonymous_4)
FNF:5
FNH:0
FNDA:0,listIntegrations
FNDA:0,isFullyLive
FNDA:0,(anonymous_2)
FNDA:0,mockCount
FNDA:0,(anonymous_4)
DA:36,0
DA:139,0
DA:144,0
LF:3
LH:0
BRDA:57,0,0,0
BRDA:57,0,1,0
BRDA:65,1,0,0
BRDA:65,1,1,0
BRDA:117,2,0,0
BRDA:117,2,1,0
BRDA:117,3,0,0
BRDA:117,3,1,0
BRDA:128,4,0,0
BRDA:128,4,1,0
BRDA:128,5,0,0
BRDA:128,5,1,0
BRF:12
BRH:0
end_of_record
TN:
SF:server/integrations/ai/claude.ts
FN:12,getClient
FN:16,jsonChat
FN:39,(anonymous_2)
FN:45,(anonymous_3)
FN:83,(anonymous_4)
FN:103,(anonymous_5)
FN:109,(anonymous_6)
FN:115,(anonymous_7)
FN:137,(anonymous_8)
FN:159,(anonymous_9)
FN:165,(anonymous_10)
FN:173,(anonymous_11)
FN:202,(anonymous_12)
FN:208,(anonymous_13)
FN:226,(anonymous_14)
FN:234,(anonymous_15)
FNF:16
FNH:0
FNDA:0,getClient
FNDA:0,jsonChat
FNDA:0,(anonymous_2)
FNDA:0,(anonymous_3)
FNDA:0,(anonymous_4)
FNDA:0,(anonymous_5)
FNDA:0,(anonymous_6)
FNDA:0,(anonymous_7)
FNDA:0,(anonymous_8)
FNDA:0,(anonymous_9)
FNDA:0,(anonymous_10)
FNDA:0,(anonymous_11)
FNDA:0,(anonymous_12)
FNDA:0,(anonymous_13)
FNDA:0,(anonymous_14)
FNDA:0,(anonymous_15)
DA:10,0
DA:13,0
DA:21,0
DA:22,0
DA:38,0
DA:39,0
DA:40,0
DA:41,0
DA:44,0
DA:46,0
DA:47,0
DA:79,0
DA:84,0
DA:85,0
DA:99,0
DA:106,0
DA:112,0
DA:116,0
DA:117,0
DA:133,0
DA:138,0
DA:139,0
DA:140,0
DA:141,0
DA:159,0
DA:164,0
DA:165,0
DA:166,0
DA:167,0
DA:169,0
DA:174,0
DA:175,0
DA:193,0
DA:203,0
DA:204,0
DA:205,0
DA:208,0
DA:220,0
DA:222,0
DA:231,0
DA:237,0
LF:41
LH:0
BRDA:40,0,0,0
BRDA:40,0,1,0
BRDA:40,1,0,0
BRDA:40,1,1,0
BRDA:140,2,0,0
BRDA:140,2,1,0
BRDA:160,3,0,0
BRDA:160,3,1,0
BRDA:166,4,0,0
BRDA:166,4,1,0
BRDA:166,5,0,0
BRDA:166,5,1,0
BRDA:204,6,0,0
BRDA:204,6,1,0
BRDA:208,7,0,0
BRDA:208,7,1,0
BRF:16
BRH:0
end_of_record
TN:
SF:server/integrations/ai/index.ts
FN:9,getAI
FN:15,aiMode
FNF:2
FNH:0
FNDA:0,getAI
FNDA:0,aiMode
DA:10,0
DA:11,0
DA:16,0
LF:3
LH:0
BRDA:10,0,0,0
BRDA:10,0,1,0
BRDA:16,1,0,0
BRDA:16,1,1,0
BRF:4
BRH:0
end_of_record
TN:
SF:server/integrations/ai/mock.ts
FN:36,extractSkills
FN:38,(anonymous_1)
FN:42,pickAlias
FN:43,(anonymous_3)
FN:52,(anonymous_4)
FN:53,(anonymous_5)
FN:82,(anonymous_6)
FN:83,(anonymous_7)
FN:85,(anonymous_8)
FN:86,(anonymous_9)
FN:94,(anonymous_10)
FN:95,(anonymous_11)
FN:96,(anonymous_12)
FN:98,(anonymous_13)
FN:100,(anonymous_14)
FN:103,(anonymous_15)
FN:106,(anonymous_16)
FN:162,(anonymous_17)
FN:163,(anonymous_18)
FN:167,(anonymous_19)
FN:168,(anonymous_20)
FN:186,(anonymous_21)
FN:187,(anonymous_22)
FN:217,(anonymous_23)
FN:218,(anonymous_24)
FN:227,(anonymous_25)
FN:249,(anonymous_26)
FN:250,(anonymous_27)
FN:266,(anonymous_28)
FN:267,(anonymous_29)
FN:309,(anonymous_30)
FN:310,(anonymous_31)
FN:311,(anonymous_32)
FN:312,(anonymous_33)
FN:328,(anonymous_34)
FN:330,(anonymous_35)
FN:340,(anonymous_36)
FN:353,(anonymous_37)
FN:357,(anonymous_38)
FN:364,(anonymous_39)
FN:396,(anonymous_40)
FN:398,(anonymous_41)
FN:399,(anonymous_42)
FN:399,(anonymous_43)
FN:402,(anonymous_44)
FN:403,(anonymous_45)
FN:403,(anonymous_46)
FNF:47
FNH:0
FNDA:0,extractSkills
FNDA:0,(anonymous_1)
FNDA:0,pickAlias
FNDA:0,(anonymous_3)
FNDA:0,(anonymous_4)
FNDA:0,(anonymous_5)
FNDA:0,(anonymous_6)
FNDA:0,(anonymous_7)
FNDA:0,(anonymous_8)
FNDA:0,(anonymous_9)
FNDA:0,(anonymous_10)
FNDA:0,(anonymous_11)
FNDA:0,(anonymous_12)
FNDA:0,(anonymous_13)
FNDA:0,(anonymous_14)
FNDA:0,(anonymous_15)
FNDA:0,(anonymous_16)
FNDA:0,(anonymous_17)
FNDA:0,(anonymous_18)
FNDA:0,(anonymous_19)
FNDA:0,(anonymous_20)
FNDA:0,(anonymous_21)
FNDA:0,(anonymous_22)
FNDA:0,(anonymous_23)
FNDA:0,(anonymous_24)
FNDA:0,(anonymous_25)
FNDA:0,(anonymous_26)
FNDA:0,(anonymous_27)
FNDA:0,(anonymous_28)
FNDA:0,(anonymous_29)
FNDA:0,(anonymous_30)
FNDA:0,(anonymous_31)
FNDA:0,(anonymous_32)
FNDA:0,(anonymous_33)
FNDA:0,(anonymous_34)
FNDA:0,(anonymous_35)
FNDA:0,(anonymous_36)
FNDA:0,(anonymous_37)
FNDA:0,(anonymous_38)
FNDA:0,(anonymous_39)
FNDA:0,(anonymous_40)
FNDA:0,(anonymous_41)
FNDA:0,(anonymous_42)
FNDA:0,(anonymous_43)
FNDA:0,(anonymous_44)
FNDA:0,(anonymous_45)
FNDA:0,(anonymous_46)
DA:15,0
DA:37,0
DA:38,0
DA:39,0
DA:43,0
DA:44,0
DA:51,0
DA:53,0
DA:54,0
DA:55,0
DA:83,0
DA:84,0
DA:85,0
DA:86,0
DA:88,0
DA:91,0
DA:95,0
DA:96,0
DA:97,0
DA:98,0
DA:100,0
DA:101,0
DA:103,0
DA:104,0
DA:106,0
DA:107,0
DA:109,0
DA:111,0
DA:112,0
DA:119,0
DA:120,0
DA:124,0
DA:128,0
DA:129,0
DA:133,0
DA:138,0
DA:139,0
DA:140,0
DA:141,0
DA:142,0
DA:143,0
DA:144,0
DA:145,0
DA:147,0
DA:148,0
DA:149,0
DA:150,0
DA:151,0
DA:152,0
DA:153,0
DA:155,0
DA:163,0
DA:164,0
DA:165,0
DA:166,0
DA:167,0
DA:168,0
DA:169,0
DA:171,0
DA:173,0
DA:178,0
DA:187,0
DA:188,0
DA:189,0
DA:190,0
DA:196,0
DA:197,0
DA:203,0
DA:204,0
DA:205,0
DA:210,0
DA:218,0
DA:219,0
DA:220,0
DA:221,0
DA:224,0
DA:227,0
DA:229,0
DA:230,0
DA:231,0
DA:233,0
DA:234,0
DA:236,0
DA:240,0
DA:241,0
DA:243,0
DA:244,0
DA:246,0
DA:250,0
DA:251,0
DA:253,0
DA:255,0
DA:267,0
DA:268,0
DA:269,0
DA:271,0
DA:272,0
DA:278,0
DA:279,0
DA:285,0
DA:286,0
DA:291,0
DA:292,0
DA:297,0
DA:298,0
DA:303,0
DA:310,0
DA:311,0
DA:312,0
DA:313,0
DA:314,0
DA:315,0
DA:324,0
DA:325,0
DA:326,0
DA:328,0
DA:330,0
DA:331,0
DA:332,0
DA:340,0
DA:341,0
DA:342,0
DA:343,0
DA:357,0
DA:358,0
DA:359,0
DA:360,0
DA:361,0
DA:364,0
DA:365,0
DA:366,0
DA:367,0
DA:368,0
DA:369,0
DA:370,0
DA:371,0
DA:372,0
DA:373,0
DA:374,0
DA:375,0
DA:376,0
DA:377,0
DA:378,0
DA:379,0
DA:380,0
DA:381,0
DA:383,0
DA:384,0
DA:396,0
DA:397,0
DA:398,0
DA:399,0
DA:401,0
DA:402,0
DA:403,0
DA:408,0
DA:410,0
LF:157
LH:0
BRDA:39,0,0,0
BRDA:39,0,1,0
BRDA:43,1,0,0
BRDA:43,1,1,0
BRDA:44,2,0,0
BRDA:44,2,1,0
BRDA:88,3,0,0
BRDA:88,3,1,0
BRDA:114,4,0,0
BRDA:114,4,1,0
BRDA:119,5,0,0
BRDA:119,5,1,0
BRDA:128,6,0,0
BRDA:128,6,1,0
BRDA:139,7,0,0
BRDA:139,7,1,0
BRDA:141,8,0,0
BRDA:141,8,1,0
BRDA:143,9,0,0
BRDA:143,9,1,0
BRDA:143,10,0,0
BRDA:143,10,1,0
BRDA:145,11,0,0
BRDA:145,11,1,0
BRDA:148,12,0,0
BRDA:148,12,1,0
BRDA:150,13,0,0
BRDA:150,13,1,0
BRDA:152,14,0,0
BRDA:152,14,1,0
BRDA:152,15,0,0
BRDA:152,15,1,0
BRDA:171,16,0,0
BRDA:171,16,1,0
BRDA:171,17,0,0
BRDA:171,17,1,0
BRDA:173,18,0,0
BRDA:173,18,1,0
BRDA:175,19,0,0
BRDA:175,19,1,0
BRDA:188,20,0,0
BRDA:188,20,1,0
BRDA:189,21,0,0
BRDA:189,21,1,0
BRDA:189,22,0,0
BRDA:189,22,1,0
BRDA:196,23,0,0
BRDA:196,23,1,0
BRDA:203,24,0,0
BRDA:203,24,1,0
BRDA:203,25,0,0
BRDA:203,25,1,0
BRDA:204,26,0,0
BRDA:204,26,1,0
BRDA:219,27,0,0
BRDA:219,27,1,0
BRDA:220,28,0,0
BRDA:220,28,1,0
BRDA:221,29,0,0
BRDA:221,29,1,0
BRDA:224,30,0,0
BRDA:224,30,1,0
BRDA:229,31,0,0
BRDA:229,31,1,0
BRDA:230,32,0,0
BRDA:230,32,1,0
BRDA:230,33,0,0
BRDA:230,33,1,0
BRDA:230,34,0,0
BRDA:230,34,1,0
BRDA:233,35,0,0
BRDA:233,35,1,0
BRDA:233,36,0,0
BRDA:233,36,1,0
BRDA:233,37,0,0
BRDA:233,37,1,0
BRDA:240,38,0,0
BRDA:240,38,1,0
BRDA:240,39,0,0
BRDA:240,39,1,0
BRDA:240,39,2,0
BRDA:243,40,0,0
BRDA:243,40,1,0
BRDA:253,41,0,0
BRDA:253,41,1,0
BRDA:268,42,0,0
BRDA:268,42,1,0
BRDA:269,43,0,0
BRDA:269,43,1,0
BRDA:271,44,0,0
BRDA:271,44,1,0
BRDA:278,45,0,0
BRDA:278,45,1,0
BRDA:278,46,0,0
BRDA:278,46,1,0
BRDA:278,46,2,0
BRDA:285,47,0,0
BRDA:285,47,1,0
BRDA:285,48,0,0
BRDA:285,48,1,0
BRDA:285,48,2,0
BRDA:291,49,0,0
BRDA:291,49,1,0
BRDA:291,50,0,0
BRDA:291,50,1,0
BRDA:297,51,0,0
BRDA:297,51,1,0
BRDA:297,52,0,0
BRDA:297,52,1,0
BRDA:313,53,0,0
BRDA:313,53,1,0
BRDA:314,54,0,0
BRDA:314,54,1,0
BRDA:318,55,0,0
BRDA:318,55,1,0
BRDA:324,56,0,0
BRDA:324,56,1,0
BRDA:325,57,0,0
BRDA:325,57,1,0
BRDA:331,58,0,0
BRDA:331,58,1,0
BRDA:335,59,0,0
BRDA:335,59,1,0
BRDA:347,60,0,0
BRDA:347,60,1,0
BRDA:367,61,0,0
BRDA:367,61,1,0
BRDA:367,62,0,0
BRDA:367,62,1,0
BRDA:369,63,0,0
BRDA:369,63,1,0
BRDA:370,64,0,0
BRDA:370,64,1,0
BRDA:370,65,0,0
BRDA:370,65,1,0
BRDA:371,66,0,0
BRDA:371,66,1,0
BRDA:372,67,0,0
BRDA:372,67,1,0
BRDA:372,68,0,0
BRDA:372,68,1,0
BRDA:373,69,0,0
BRDA:373,69,1,0
BRDA:373,70,0,0
BRDA:373,70,1,0
BRDA:376,71,0,0
BRDA:376,71,1,0
BRDA:377,72,0,0
BRDA:377,72,1,0
BRDA:378,73,0,0
BRDA:378,73,1,0
BRDA:379,74,0,0
BRDA:379,74,1,0
BRDA:381,75,0,0
BRDA:381,75,1,0
BRDA:388,76,0,0
BRDA:388,76,1,0
BRDA:390,77,0,0
BRDA:390,77,1,0
BRDA:399,78,0,0
BRDA:399,78,1,0
BRDA:403,79,0,0
BRDA:403,79,1,0
BRDA:408,80,0,0
BRDA:408,80,1,0
BRDA:413,81,0,0
BRDA:413,81,1,0
BRDA:414,82,0,0
BRDA:414,82,1,0
BRDA:416,83,0,0
BRDA:416,83,1,0
BRF:171
BRH:0
end_of_record
TN:
SF:server/integrations/email/index.ts
FN:23,emailMode
FN:29,getLastMockEmailToken
FN:33,sendEmail
FN:85,sendVerifyEmail
FN:107,sendPasswordReset
FNF:5
FNH:0
FNDA:0,emailMode
FNDA:0,getLastMockEmailToken
FNDA:0,sendEmail
FNDA:0,sendVerifyEmail
FNDA:0,sendPasswordReset
DA:24,0
DA:28,0
DA:30,0
DA:34,0
DA:35,0
DA:41,0
DA:43,0
DA:45,0
DA:47,0
DA:49,0
DA:51,0
DA:52,0
DA:54,0
DA:55,0
DA:70,0
DA:71,0
DA:73,0
DA:74,0
DA:76,0
DA:89,0
DA:90,0
DA:91,0
DA:111,0
DA:112,0
LF:24
LH:0
BRDA:24,0,0,0
BRDA:24,0,1,0
BRDA:34,1,0,0
BRDA:34,1,1,0
BRDA:34,2,0,0
BRDA:34,2,1,0
BRDA:34,2,2,0
BRDA:34,2,3,0
BRDA:37,3,0,0
BRDA:37,3,1,0
BRDA:41,4,0,0
BRDA:41,4,1,0
BRDA:45,5,0,0
BRDA:45,5,1,0
BRDA:49,6,0,0
BRDA:49,6,1,0
BRDA:62,7,0,0
BRDA:62,7,1,0
BRDA:63,8,0,0
BRDA:63,8,1,0
BRDA:70,9,0,0
BRDA:70,9,1,0
BRDA:79,10,0,0
BRDA:79,10,1,0
BRDA:90,11,0,0
BRDA:90,11,1,0
BRDA:111,12,0,0
BRDA:111,12,1,0
BRF:28
BRH:0
end_of_record
TN:
SF:server/integrations/payments/index.ts
FN:42,paymentsMode
FN:50,createPayment
FN:128,getPaymentStatus
FNF:3
FNH:0
FNDA:0,paymentsMode
FNDA:0,createPayment
FNDA:0,getPaymentStatus
DA:43,0
DA:48,0
DA:53,0
DA:54,0
DA:60,0
DA:61,0
DA:68,0
DA:69,0
DA:70,0
DA:71,0
DA:72,0
DA:74,0
DA:85,0
DA:86,0
DA:93,0
DA:101,0
DA:106,0
DA:107,0
DA:113,0
DA:120,0
DA:131,0
DA:132,0
DA:133,0
DA:134,0
DA:136,0
DA:137,0
DA:138,0
DA:139,0
DA:140,0
DA:142,0
DA:143,0
DA:147,0
DA:155,0
DA:159,0
DA:160,0
DA:162,0
DA:163,0
DA:165,0
DA:167,0
LF:39
LH:0
BRDA:43,0,0,0
BRDA:43,0,1,0
BRDA:43,1,0,0
BRDA:43,1,1,0
BRDA:53,2,0,0
BRDA:53,2,1,0
BRDA:72,3,0,0
BRDA:72,3,1,0
BRDA:77,4,0,0
BRDA:77,4,1,0
BRDA:106,5,0,0
BRDA:106,5,1,0
BRDA:110,6,0,0
BRDA:110,6,1,0
BRDA:123,7,0,0
BRDA:123,7,1,0
BRDA:131,8,0,0
BRDA:131,8,1,0
BRDA:133,9,0,0
BRDA:133,9,1,0
BRDA:140,10,0,0
BRDA:140,10,1,0
BRDA:159,11,0,0
BRDA:159,11,1,0
BRDA:162,12,0,0
BRDA:162,12,1,0
BRDA:171,13,0,0
BRDA:171,13,1,0
BRF:28
BRH:0
end_of_record
TN:
SF:server/integrations/queue/index.ts
FN:14,jobsMode
FN:25,recentJobEvents
FN:30,sendEvent
FNF:3
FNH:0
FNDA:0,jobsMode
FNDA:0,recentJobEvents
FNDA:0,sendEvent
DA:15,0
DA:23,0
DA:26,0
DA:33,0
DA:34,0
DA:39,0
DA:41,0
DA:42,0
DA:44,0
DA:45,0
DA:46,0
DA:56,0
DA:57,0
DA:59,0
DA:61,0
LF:15
LH:0
BRDA:15,0,0,0
BRDA:15,0,1,0
BRDA:33,1,0,0
BRDA:33,1,1,0
BRDA:39,2,0,0
BRDA:39,2,1,0
BRDA:56,3,0,0
BRDA:56,3,1,0
BRDA:64,4,0,0
BRDA:64,4,1,0
BRF:10
BRH:0
end_of_record
TN:
SF:server/integrations/realtime/index.ts
FN:20,realtimeMode
FN:31,pollMockEvents
FN:32,(anonymous_2)
FN:38,publish
FNF:4
FNH:0
FNDA:0,realtimeMode
FNDA:0,pollMockEvents
FNDA:0,(anonymous_2)
FNDA:0,publish
DA:21,0
DA:28,0
DA:29,0
DA:32,0
DA:33,0
DA:43,0
DA:44,0
DA:45,0
DA:46,0
DA:48,0
DA:49,0
DA:50,0
DA:51,0
DA:52,0
DA:53,0
DA:54,0
DA:55,0
DA:56,0
DA:57,0
DA:58,0
DA:59,0
DA:62,0
DA:63,0
DA:68,0
DA:69,0
DA:71,0
DA:73,0
LF:27
LH:0
BRDA:21,0,0,0
BRDA:21,0,1,0
BRDA:21,1,0,0
BRDA:21,1,1,0
BRDA:21,1,2,0
BRDA:31,2,0,0
BRDA:33,3,0,0
BRDA:33,3,1,0
BRDA:43,4,0,0
BRDA:43,4,1,0
BRDA:45,5,0,0
BRDA:45,5,1,0
BRDA:52,6,0,0
BRDA:52,6,1,0
BRDA:68,7,0,0
BRDA:68,7,1,0
BRDA:76,8,0,0
BRDA:76,8,1,0
BRF:18
BRH:0
end_of_record
TN:
SF:server/integrations/sms/index.ts
FN:30,smsMode
FN:38,otpKey
FN:41,lockKey
FN:45,genOtp
FN:49,normalisePhone
FN:54,getLastMockOtp
FN:61,sendOtp
FN:112,verifyOtp
FN:179,sendSms
FNF:9
FNH:8
FNDA:13,smsMode
FNDA:12,otpKey
FNDA:18,lockKey
FNDA:4,genOtp
FNDA:42,normalisePhone
FNDA:1,getLastMockOtp
FNDA:5,sendOtp
FNDA:7,verifyOtp
FNDA:0,sendSms
DA:31,13
DA:34,1
DA:35,1
DA:36,1
DA:39,12
DA:42,18
DA:46,4
DA:50,42
DA:55,1
DA:56,1
DA:57,1
DA:62,5
DA:63,5
DA:64,1
DA:66,4
DA:67,4
DA:68,4
DA:69,4
DA:71,4
DA:72,4
DA:74,0
DA:75,0
DA:88,0
DA:89,0
DA:95,0
DA:96,0
DA:97,0
DA:103,0
DA:116,7
DA:117,7
DA:120,7
DA:121,7
DA:122,1
DA:129,6
DA:130,6
DA:131,6
DA:132,1
DA:134,5
DA:135,4
DA:136,4
DA:137,4
DA:143,1
DA:144,1
DA:147,0
DA:148,0
DA:149,0
DA:150,0
DA:151,0
DA:155,0
DA:156,0
DA:157,0
DA:158,0
DA:159,0
DA:160,0
DA:167,0
DA:168,0
DA:170,0
DA:180,0
DA:181,0
DA:183,0
DA:184,0
DA:186,0
DA:187,0
DA:199,0
DA:200,0
DA:201,0
DA:203,0
LF:67
LH:35
BRDA:31,0,0,0
BRDA:31,0,1,13
BRDA:55,1,0,0
BRDA:55,1,1,1
BRDA:57,2,0,1
BRDA:57,2,1,0
BRDA:63,3,0,1
BRDA:63,3,1,4
BRDA:64,4,0,0
BRDA:64,4,1,1
BRDA:66,5,0,4
BRDA:66,5,1,0
BRDA:88,6,0,0
BRDA:88,6,1,0
BRDA:106,7,0,0
BRDA:106,7,1,0
BRDA:120,8,0,7
BRDA:120,8,1,4
BRDA:121,9,0,1
BRDA:121,9,1,6
BRDA:124,10,0,0
BRDA:124,10,1,1
BRDA:129,11,0,6
BRDA:129,11,1,0
BRDA:131,12,0,1
BRDA:131,12,1,5
BRDA:134,13,0,4
BRDA:134,13,1,1
BRDA:136,14,0,2
BRDA:136,14,1,2
BRDA:140,15,0,1
BRDA:140,15,1,3
BRDA:157,16,0,0
BRDA:157,16,1,0
BRDA:159,17,0,0
BRDA:159,17,1,0
BRDA:164,18,0,0
BRDA:164,18,1,0
BRDA:164,19,0,0
BRDA:164,19,1,0
BRDA:173,20,0,0
BRDA:173,20,1,0
BRDA:181,21,0,0
BRDA:181,21,1,0
BRDA:199,22,0,0
BRDA:199,22,1,0
BRDA:206,23,0,0
BRDA:206,23,1,0
BRF:48
BRH:21
end_of_record
TN:
SF:server/integrations/storage/index.ts
FN:21,storageMode
FN:41,objectKey
FN:47,presignMock
FN:66,sha256Hex
FN:70,hmacSha256
FN:74,presignR2
FN:150,presignUpload
FN:163,extFromContentType
FN:183,mockWrite
FN:190,mockRead
FN:200,deleteObject
FN:202,(anonymous_11)
FNF:12
FNH:0
FNDA:0,storageMode
FNDA:0,objectKey
FNDA:0,presignMock
FNDA:0,sha256Hex
FNDA:0,hmacSha256
FNDA:0,presignR2
FNDA:0,presignUpload
FNDA:0,extFromContentType
FNDA:0,mockWrite
FNDA:0,mockRead
FNDA:0,deleteObject
FNDA:0,(anonymous_11)
DA:22,0
DA:38,0
DA:39,0
DA:42,0
DA:43,0
DA:52,0
DA:53,0
DA:54,0
DA:55,0
DA:56,0
DA:67,0
DA:71,0
DA:79,0
DA:80,0
DA:81,0
DA:82,0
DA:83,0
DA:84,0
DA:85,0
DA:86,0
DA:88,0
DA:89,0
DA:90,0
DA:91,0
DA:92,0
DA:93,0
DA:94,0
DA:96,0
DA:104,0
DA:105,0
DA:114,0
DA:121,0
DA:122,0
DA:123,0
DA:124,0
DA:125,0
DA:129,0
DA:131,0
DA:133,0
DA:134,0
DA:136,0
DA:155,0
DA:156,0
DA:157,0
DA:158,0
DA:160,0
DA:164,0
DA:166,0
DA:168,0
DA:170,0
DA:172,0
DA:174,0
DA:176,0
DA:178,0
DA:184,0
DA:185,0
DA:186,0
DA:191,0
DA:192,0
DA:193,0
DA:195,0
DA:201,0
DA:202,0
DA:203,0
LF:64
LH:0
BRDA:22,0,0,0
BRDA:22,0,1,0
BRDA:22,1,0,0
BRDA:22,1,1,0
BRDA:83,2,0,0
BRDA:83,2,1,0
BRDA:134,3,0,0
BRDA:134,3,1,0
BRDA:155,4,0,0
BRDA:155,4,1,0
BRDA:156,5,0,0
BRDA:156,5,1,0
BRDA:156,5,2,0
BRDA:157,6,0,0
BRDA:157,6,1,0
BRDA:164,7,0,0
BRDA:164,7,1,0
BRDA:164,7,2,0
BRDA:164,7,3,0
BRDA:164,7,4,0
BRDA:164,7,5,0
BRDA:164,7,6,0
BRDA:201,8,0,0
BRDA:201,8,1,0
BRF:24
BRH:0
end_of_record
TN:
SF:server/lib/cn.ts
FN:4,cn
FNF:1
FNH:0
FNDA:0,cn
DA:5,0
LF:1
LH:0
BRF:0
BRH:0
end_of_record
TN:
SF:server/lib/csrf.ts
FN:31,(anonymous_0)
FN:34,hostFromHeader
FN:44,requireSameOrigin
FN:60,__addAllowedHost
FNF:4
FNH:0
FNDA:0,(anonymous_0)
FNDA:0,hostFromHeader
FNDA:0,requireSameOrigin
FNDA:0,__addAllowedHost
DA:19,0
DA:31,0
DA:35,0
DA:36,0
DA:37,0
DA:39,0
DA:45,0
DA:46,0
DA:49,0
DA:50,0
DA:53,0
DA:54,0
DA:56,0
DA:61,0
LF:14
LH:0
BRDA:24,0,0,0
BRDA:24,0,1,0
BRDA:25,1,0,0
BRDA:25,1,1,0
BRDA:35,2,0,0
BRDA:35,2,1,0
BRDA:49,3,0,0
BRDA:49,3,1,0
BRDA:49,4,0,0
BRDA:49,4,1,0
BRDA:50,5,0,0
BRDA:50,5,1,0
BRDA:50,6,0,0
BRDA:50,6,1,0
BRDA:53,7,0,0
BRDA:53,7,1,0
BRDA:53,8,0,0
BRDA:53,8,1,0
BRDA:54,9,0,0
BRDA:54,9,1,0
BRDA:54,10,0,0
BRDA:54,10,1,0
BRF:22
BRH:0
end_of_record
TN:
SF:server/lib/logger.ts
FN:63,withCorrelationId
FNF:1
FNH:0
FNDA:0,withCorrelationId
DA:23,0
DA:25,0
DA:64,0
LF:3
LH:0
BRDA:26,0,0,0
BRDA:26,0,1,0
BRDA:26,1,0,0
BRDA:26,1,1,0
BRDA:28,2,0,0
BRDA:28,2,1,0
BRDA:29,3,0,0
BRDA:29,3,1,0
BRDA:30,4,0,0
BRDA:30,4,1,0
BRDA:33,5,0,0
BRDA:33,5,1,0
BRF:12
BRH:0
end_of_record
TN:
SF:server/lib/matching.ts
FN:3,computeMatchPct
FN:5,(anonymous_1)
FN:6,(anonymous_2)
FN:11,(anonymous_3)
FN:15,skillDelta
FN:16,(anonymous_5)
FN:17,(anonymous_6)
FN:23,depthScore
FN:26,(anonymous_8)
FN:46,(anonymous_9)
FNF:10
FNH:0
FNDA:0,computeMatchPct
FNDA:0,(anonymous_1)
FNDA:0,(anonymous_2)
FNDA:0,(anonymous_3)
FNDA:0,skillDelta
FNDA:0,(anonymous_5)
FNDA:0,(anonymous_6)
FNDA:0,depthScore
FNDA:0,(anonymous_8)
FNDA:0,(anonymous_9)
DA:4,0
DA:5,0
DA:6,0
DA:8,0
DA:10,0
DA:11,0
DA:12,0
DA:16,0
DA:17,0
DA:25,0
DA:26,0
DA:27,0
DA:46,0
DA:48,0
DA:51,0
DA:52,0
LF:16
LH:0
BRDA:4,0,0,0
BRDA:4,0,1,0
BRDA:48,1,0,0
BRDA:48,1,1,0
BRF:4
BRH:0
end_of_record
TN:
SF:server/lib/profile-completeness.ts
FN:28,(anonymous_0)
FN:35,(anonymous_1)
FN:42,(anonymous_2)
FN:49,(anonymous_3)
FN:56,(anonymous_4)
FN:63,(anonymous_5)
FN:70,(anonymous_6)
FN:79,computeCompleteness
FN:87,(anonymous_8)
FN:109,isAllowedToApply
FNF:10
FNH:0
FNDA:0,(anonymous_0)
FNDA:0,(anonymous_1)
FNDA:0,(anonymous_2)
FNDA:0,(anonymous_3)
FNDA:0,(anonymous_4)
FNDA:0,(anonymous_5)
FNDA:0,(anonymous_6)
FNDA:0,computeCompleteness
FNDA:0,(anonymous_8)
FNDA:0,isAllowedToApply
DA:4,0
DA:7,0
DA:22,0
DA:28,0
DA:35,0
DA:42,0
DA:49,0
DA:56,0
DA:63,0
DA:70,0
DA:82,0
DA:83,0
DA:84,0
DA:86,0
DA:87,0
DA:88,0
DA:89,0
DA:90,0
DA:91,0
DA:93,0
DA:101,0
DA:110,0
LF:22
LH:0
BRDA:35,0,0,0
BRDA:35,0,1,0
BRDA:42,1,0,0
BRDA:42,1,1,0
BRDA:63,2,0,0
BRDA:63,2,1,0
BRDA:70,3,0,0
BRDA:70,3,1,0
BRDA:83,4,0,0
BRDA:83,4,1,0
BRDA:90,5,0,0
BRDA:90,5,1,0
BRF:12
BRH:0
end_of_record
TN:
SF:server/lib/rate-limit.ts
FN:35,rateLimit
FN:56,rateLimitResponse
FN:71,identifierFromRequest
FNF:3
FNH:0
FNDA:0,rateLimit
FNDA:0,rateLimitResponse
FNDA:0,identifierFromRequest
DA:40,0
DA:41,0
DA:42,0
DA:43,0
DA:44,0
DA:45,0
DA:46,0
DA:47,0
DA:57,0
DA:75,0
DA:76,0
DA:77,0
DA:78,0
DA:79,0
DA:80,0
LF:15
LH:0
BRDA:43,0,0,0
BRDA:43,0,1,0
BRDA:51,1,0,0
BRDA:51,1,1,0
BRDA:75,2,0,0
BRDA:75,2,1,0
BRDA:77,3,0,0
BRDA:77,3,1,0
BRDA:79,4,0,0
BRDA:79,4,1,0
BRF:10
BRH:0
end_of_record
TN:
SF:server/lib/sla.ts
FN:1,slaCountdown
FNF:1
FNH:0
FNDA:0,slaCountdown
DA:8,0
DA:9,0
DA:10,0
DA:11,0
DA:12,0
DA:13,0
DA:14,0
DA:17,0
LF:8
LH:0
BRDA:1,0,0,0
BRDA:13,1,0,0
BRDA:13,1,1,0
BRDA:14,2,0,0
BRDA:14,2,1,0
BRF:5
BRH:0
end_of_record
TN:
SF:server/lib/slack.ts
FN:25,webhookUrl
FN:46,sendSlackAlert
FN:60,(anonymous_2)
FNF:3
FNH:0
FNDA:0,webhookUrl
FNDA:0,sendSlackAlert
FNDA:0,(anonymous_2)
DA:18,0
DA:26,0
DA:27,0
DA:30,0
DA:31,0
DA:32,0
DA:47,0
DA:48,0
DA:49,0
DA:50,0
DA:52,0
DA:60,0
DA:81,0
DA:82,0
DA:87,0
DA:88,0
DA:91,0
LF:17
LH:0
BRDA:26,0,0,0
BRDA:26,0,1,0
BRDA:28,1,0,0
BRDA:28,1,1,0
BRDA:30,2,0,0
BRDA:30,2,1,0
BRDA:31,3,0,0
BRDA:31,3,1,0
BRDA:32,4,0,0
BRDA:32,4,1,0
BRDA:48,5,0,0
BRDA:48,5,1,0
BRDA:59,6,0,0
BRDA:59,6,1,0
BRDA:66,7,0,0
BRDA:66,7,1,0
BRDA:75,8,0,0
BRDA:75,8,1,0
BRDA:75,9,0,0
BRDA:75,9,1,0
BRDA:87,10,0,0
BRDA:87,10,1,0
BRF:22
BRH:0
end_of_record
TN:
SF:server/lib/validate.ts
FN:34,parseBody
FN:57,(anonymous_1)
FN:70,parseQuery
FN:76,(anonymous_3)
FN:86,(anonymous_4)
FNF:5
FNH:0
FNDA:0,parseBody
FNDA:0,(anonymous_1)
FNDA:0,parseQuery
FNDA:0,(anonymous_3)
FNDA:0,(anonymous_4)
DA:39,0
DA:40,0
DA:42,0
DA:50,0
DA:51,0
DA:52,0
DA:57,0
DA:66,0
DA:74,0
DA:75,0
DA:76,0
DA:77,0
DA:79,0
DA:80,0
DA:81,0
DA:86,0
DA:95,0
LF:17
LH:0
BRDA:51,0,0,0
BRDA:51,0,1,0
BRDA:80,1,0,0
BRDA:80,1,1,0
BRF:4
BRH:0
end_of_record
